<?xml version="1.0" encoding="UTF-8"?>
<testsuite xmlns:xsi="http://www.w3.org/2001/XMLSchema-instance" xsi:noNamespaceSchemaLocation="https://maven.apache.org/surefire/maven-surefire-plugin/xsd/surefire-test-report.xsd" version="3.0.2" name="org.springframework.samples.petclinic.MySqlIntegrationTests" time="0.001" tests="2" errors="0" skipped="2" failures="0">
  <properties>
[...]
</properties>
  <testcase name="testFindAll" classname="org.springframework.samples.petclinic.MySqlIntegrationTests" time="0.0">
    <skipped message="disabledWithoutDocker is true and Docker is not available"/>
    <system-out><![CDATA[12:53:59.137 [main] INFO org.testcontainers.DockerClientFactory -- Testcontainers version: 2.0.3
12:53:59.721 [main] INFO org.testcontainers.dockerclient.DockerMachineClientProviderStrategy -- docker-machine executable was not found on PATH ([c:\Users\ARKAJYOTI\AppData\Roaming\Code\User\globalStorage\github.copilot-chat\debugCommand, c:\Users\ARKAJYOTI\AppData\Roaming\Code\User\globalStorage\github.copilot-chat\copilotCli, C:\Program Files\Common Files\Oracle\Java\javapath, C:\WINDOWS\system32, C:\WINDOWS, C:\WINDOWS\System32\Wbem, C:\WINDOWS\System32\WindowsPowerShell\v1.0\, C:\WINDOWS\System32\OpenSSH\, C:\Program Files (x86)\NVIDIA Corporation\PhysX\Common, C:\Program Files\NVIDIA Corporation\NVIDIA app\NvDLISR, C:\Program Files\dotnet\, C:\Program Files\Git\cmd, C:\Program Files\Java\jdk-25\bin, C:\MinGW\bin, C:\Program Files\apache-maven-3.9.12\bin, C:\Users\ARKAJYOTI\AppData\Local\Microsoft\WindowsApps, C:\Users\ARKAJYOTI\AppData\Local\Programs\Microsoft VS Code\bin])
12:53:59.722 [main] ERROR org.testcontainers.dockerclient.DockerClientProviderStrategy -- Could not find a valid Docker environment. Please check configuration. Attempted configurations were:
As no valid configuration was found, execution cannot continue.
See https://java.testcontainers.org/on_failure.html for more details.
]]></system-out>
  </testcase>
  <testcase name="testOwnerDetails" classname="org.springframework.samples.petclinic.MySqlIntegrationTests" time="0.0">
    <skipped message="disabledWithoutDocker is true and Docker is not available"/>
  </testcase>
</testsuite>